Determining if the pthread_create exist failed with the following output:
Change Dir: /home/smher/myCUDA/GuidedFilterOptimize/cmake-build-debug/CMakeFiles/CMakeTmp

Run Build Command:"/usr/bin/make" "cmTC_f5b72/fast"
/usr/bin/make -f CMakeFiles/cmTC_f5b72.dir/build.make CMakeFiles/cmTC_f5b72.dir/build
make[1]: Entering directory `/home/smher/myCUDA/GuidedFilterOptimize/cmake-build-debug/CMakeFiles/CMakeTmp'
Building C object CMakeFiles/cmTC_f5b72.dir/CheckSymbolExists.c.o
/usr/bin/cc    -fPIC    -o CMakeFiles/cmTC_f5b72.dir/CheckSymbolExists.c.o   -c /home/smher/myCUDA/GuidedFilterOptimize/cmake-build-debug/CMakeFiles/CMakeTmp/CheckSymbolExists.c
Linking C executable cmTC_f5b72
/home/smher/Documents/Linux_setup_files/clion-2017.1.3/bin/cmake/bin/cmake -E cmake_link_script CMakeFiles/cmTC_f5b72.dir/link.txt --verbose=1
/usr/bin/cc  -fPIC     CMakeFiles/cmTC_f5b72.dir/CheckSymbolExists.c.o  -o cmTC_f5b72 -rdynamic 
CMakeFiles/cmTC_f5b72.dir/CheckSymbolExists.c.o: In function `main':
CheckSymbolExists.c:(.text+0x1b): undefined reference to `pthread_create'
collect2: error: ld returned 1 exit status
make[1]: *** [cmTC_f5b72] Error 1
make[1]: Leaving directory `/home/smher/myCUDA/GuidedFilterOptimize/cmake-build-debug/CMakeFiles/CMakeTmp'
make: *** [cmTC_f5b72/fast] Error 2

File /home/smher/myCUDA/GuidedFilterOptimize/cmake-build-debug/CMakeFiles/CMakeTmp/CheckSymbolExists.c:
/* */
#include <pthread.h>

int main(int argc, char** argv)
{
  (void)argv;
#ifndef pthread_create
  return ((int*)(&pthread_create))[argc];
#else
  (void)argc;
  return 0;
#endif
}

Determining if the function pthread_create exists in the pthreads failed with the following output:
Change Dir: /home/smher/myCUDA/GuidedFilterOptimize/cmake-build-debug/CMakeFiles/CMakeTmp

Run Build Command:"/usr/bin/make" "cmTC_a1ae7/fast"
/usr/bin/make -f CMakeFiles/cmTC_a1ae7.dir/build.make CMakeFiles/cmTC_a1ae7.dir/build
make[1]: Entering directory `/home/smher/myCUDA/GuidedFilterOptimize/cmake-build-debug/CMakeFiles/CMakeTmp'
Building C object CMakeFiles/cmTC_a1ae7.dir/CheckFunctionExists.c.o
/usr/bin/cc    -fPIC -DCHECK_FUNCTION_EXISTS=pthread_create   -o CMakeFiles/cmTC_a1ae7.dir/CheckFunctionExists.c.o   -c /home/smher/Documents/Linux_setup_files/clion-2017.1.3/bin/cmake/share/cmake-3.7/Modules/CheckFunctionExists.c
Linking C executable cmTC_a1ae7
/home/smher/Documents/Linux_setup_files/clion-2017.1.3/bin/cmake/bin/cmake -E cmake_link_script CMakeFiles/cmTC_a1ae7.dir/link.txt --verbose=1
/usr/bin/cc  -fPIC -DCHECK_FUNCTION_EXISTS=pthread_create    CMakeFiles/cmTC_a1ae7.dir/CheckFunctionExists.c.o  -o cmTC_a1ae7 -rdynamic -lpthreads 
/usr/bin/ld: cannot find -lpthreads
collect2: error: ld returned 1 exit status
make[1]: *** [cmTC_a1ae7] Error 1
make[1]: Leaving directory `/home/smher/myCUDA/GuidedFilterOptimize/cmake-build-debug/CMakeFiles/CMakeTmp'
make: *** [cmTC_a1ae7/fast] Error 2


Performing C++ SOURCE FILE Test COMPILER_SUPPORTS_CXX11 failed with the following output:
Change Dir: /home/smher/myCUDA/GuidedFilterOptimize/cmake-build-debug/CMakeFiles/CMakeTmp

Run Build Command:"/usr/bin/make" "cmTC_0badc/fast"
/usr/bin/make -f CMakeFiles/cmTC_0badc.dir/build.make CMakeFiles/cmTC_0badc.dir/build
make[1]: Entering directory `/home/smher/myCUDA/GuidedFilterOptimize/cmake-build-debug/CMakeFiles/CMakeTmp'
Building CXX object CMakeFiles/cmTC_0badc.dir/src.cxx.o
/usr/bin/c++     -DCOMPILER_SUPPORTS_CXX11   =std=c++11 -o CMakeFiles/cmTC_0badc.dir/src.cxx.o -c /home/smher/myCUDA/GuidedFilterOptimize/cmake-build-debug/CMakeFiles/CMakeTmp/src.cxx
c++: error: =std=c++11: No such file or directory
make[1]: *** [CMakeFiles/cmTC_0badc.dir/src.cxx.o] Error 1
make[1]: Leaving directory `/home/smher/myCUDA/GuidedFilterOptimize/cmake-build-debug/CMakeFiles/CMakeTmp'
make: *** [cmTC_0badc/fast] Error 2

Source file was:
int main() { return 0; }
